mode: set
funding/handler/campaign/campaign.go:18.101,20.2 1 1
funding/handler/campaign/campaign.go:22.82,27.33 4 1
funding/handler/campaign/campaign.go:34.2,35.16 2 1
funding/handler/campaign/campaign.go:42.2,43.16 2 1
funding/handler/campaign/campaign.go:51.2,53.15 3 1
funding/handler/campaign/campaign.go:27.33,32.3 4 0
funding/handler/campaign/campaign.go:35.16,41.3 5 1
funding/handler/campaign/campaign.go:43.16,49.3 5 0
funding/handler/campaign/campaign.go:57.80,60.16 3 1
funding/handler/campaign/campaign.go:67.2,69.15 3 1
funding/handler/campaign/campaign.go:60.16,66.3 5 0
funding/handler/campaign/campaign.go:73.80,76.32 2 1
funding/handler/campaign/campaign.go:84.2,85.16 2 1
funding/handler/campaign/campaign.go:94.2,95.16 2 1
funding/handler/campaign/campaign.go:103.2,105.15 3 1
funding/handler/campaign/campaign.go:76.32,82.3 5 1
funding/handler/campaign/campaign.go:85.16,92.3 5 1
funding/handler/campaign/campaign.go:95.16,101.3 5 1
