mode: set
funding/handler/campaign/campaign.go:18.101,20.2 1 1
funding/handler/campaign/campaign.go:22.82,27.33 4 1
funding/handler/campaign/campaign.go:34.2,35.16 2 1
funding/handler/campaign/campaign.go:42.2,43.16 2 1
funding/handler/campaign/campaign.go:51.2,53.15 3 1
funding/handler/campaign/campaign.go:27.33,32.3 4 0
funding/handler/campaign/campaign.go:35.16,41.3 5 1
funding/handler/campaign/campaign.go:43.16,49.3 5 0
funding/handler/campaign/campaign.go:57.80,60.16 3 1
funding/handler/campaign/campaign.go:66.2,68.15 3 1
funding/handler/campaign/campaign.go:60.16,65.3 4 0
funding/handler/campaign/campaign.go:72.80,75.32 2 1
funding/handler/campaign/campaign.go:83.2,84.16 2 1
funding/handler/campaign/campaign.go:93.2,94.16 2 1
funding/handler/campaign/campaign.go:102.2,104.15 3 1
funding/handler/campaign/campaign.go:75.32,81.3 5 1
funding/handler/campaign/campaign.go:84.16,91.3 5 1
funding/handler/campaign/campaign.go:94.16,100.3 5 1
